D:\开发\C++\TIMEUPDATECLIENT\TIMEUPDATECLIENT\DEBUG\MAIN.OBJ
D:\开发\C++\TIMEUPDATECLIENT\TIMEUPDATECLIENT\DEBUG\VC110.PDB
D:\开发\C++\TIMEUPDATECLIENT\DEBUG\TIMEUPDATECLIENT.ILK
D:\开发\C++\TIMEUPDATECLIENT\DEBUG\TIMEUPDATECLIENT.EXE
D:\开发\C++\TIMEUPDATECLIENT\DEBUG\TIMEUPDATECLIENT.PDB
D:\开发\C++\TimeUpdateClient\TimeUpdateClient\Debug\main.obj
D:\开发\C++\TimeUpdateClient\TimeUpdateClient\Debug\cl.command.1.tlog
D:\开发\C++\TimeUpdateClient\TimeUpdateClient\Debug\CL.read.1.tlog
D:\开发\C++\TimeUpdateClient\TimeUpdateClient\Debug\CL.write.1.tlog
D:\开发\C++\TimeUpdateClient\TimeUpdateClient\Debug\link-cvtres.read.1.tlog
D:\开发\C++\TimeUpdateClient\TimeUpdateClient\Debug\link-cvtres.write.1.tlog
D:\开发\C++\TimeUpdateClient\TimeUpdateClient\Debug\link-rc.read.1.tlog
D:\开发\C++\TimeUpdateClient\TimeUpdateClient\Debug\link-rc.write.1.tlog
D:\开发\C++\TimeUpdateClient\TimeUpdateClient\Debug\link.command.1.tlog
D:\开发\C++\TimeUpdateClient\TimeUpdateClient\Debug\link.read.1.tlog
D:\开发\C++\TimeUpdateClient\TimeUpdateClient\Debug\link.write.1.tlog
D:\开发\C++\TimeUpdateClient\TimeUpdateClient\Debug\vc110.idb
D:\开发\C++\TimeUpdateClient\TimeUpdateClient\Debug\vc110.pdb
D:\开发\C++\TimeUpdateClient\Debug\TimeUpdateClient.pdb
D:\开发\C++\TimeUpdateClient\Debug\TimeUpdateClient.exe
D:\开发\C++\TimeUpdateClient\Debug\TimeUpdateClient.ilk
